Using pre-set license
Built from '2020.3/staging' branch; Version is '2020.3.5f1 (8095aa901b9b) revision 8426922'; Using compiler version '192528614'; Build Type 'Release'
OS: 'Windows 10 Pro; OS build 19042.928; Version 2009; 64bit' Language: 'en' Physical Memory: 32699 MB
BatchMode: 1, IsHumanControllingUs: 0, StartBugReporterOnCrash: 0, Is64bit: 1, IsPro: 0

 COMMAND LINE ARGUMENTS:
D:\Unity\Unity\2020.3.5f1\Editor\Unity.exe
-adb2
-batchMode
-noUpm
-name
AssetImportWorker0
-projectPath
D:/Unity/Projects/RampServer
-logFile
Logs/AssetImportWorker0.log
-srvPort
54200
Successfully changed project path to: D:/Unity/Projects/RampServer
D:/Unity/Projects/RampServer
Using Asset Import Pipeline V2.
Refreshing native plugins compatible for Editor in 18.32 ms, found 0 plugins.
Preloading 0 native plugins for Editor in 0.00 ms.
Initialize engine version: 2020.3.5f1 (8095aa901b9b)
[Subsystems] Discovering subsystems at path D:/Unity/Unity/2020.3.5f1/Editor/Data/Resources/UnitySubsystems
[Subsystems] Discovering subsystems at path D:/Unity/Projects/RampServer/Assets
GfxDevice: creating device client; threaded=0
Direct3D:
    Version:  Direct3D 11.0 [level 11.1]
    Renderer: NVIDIA GeForce RTX 2060 SUPER (ID=0x1f06)
    Vendor:   
    VRAM:     8031 MB
    Driver:   27.21.14.6089
Initialize mono
Mono path[0] = 'D:/Unity/Unity/2020.3.5f1/Editor/Data/Managed'
Mono path[1] = 'D:/Unity/Unity/2020.3.5f1/Editor/Data/MonoBleedingEdge/lib/mono/unityjit'
Mono config path = 'D:/Unity/Unity/2020.3.5f1/Editor/Data/MonoBleedingEdge/etc'
Using monoOptions --debugger-agent=transport=dt_socket,embedding=1,server=y,suspend=n,address=127.0.0.1:56232
Begin MonoManager ReloadAssembly
Registering precompiled unity dll's ...
Register platform support module: D:/Unity/Unity/2020.3.5f1/Editor/Data/PlaybackEngines/WindowsStandaloneSupport/UnityEditor.WindowsStandalone.Extensions.dll
Registered in 0.001403 seconds.
Native extension for WindowsStandalone target not found
Refreshing native plugins compatible for Editor in 18.73 ms, found 0 plugins.
Preloading 0 native plugins for Editor in 0.00 ms.
Mono: successfully reloaded assembly
- Completed reload, in  0.943 seconds
Platform modules already initialized, skipping
Registering precompiled user dll's ...
Registered in 0.000445 seconds.
Begin MonoManager ReloadAssembly
Native extension for WindowsStandalone target not found
Refreshing native plugins compatible for Editor in 0.18 ms, found 0 plugins.
Preloading 0 native plugins for Editor in 0.00 ms.
Mono: successfully reloaded assembly
- Completed reload, in  0.692 seconds
Platform modules already initialized, skipping
========================================================================
Worker process is ready to serve import requests
Launched and connected shader compiler UnityShaderCompiler.exe after 0.04 seconds
Refreshing native plugins compatible for Editor in 0.20 ms, found 0 plugins.
Preloading 0 native plugins for Editor in 0.00 ms.
Unloading 1115 Unused Serialized files (Serialized files now loaded: 0)
System memory in use before: 57.1 MB.
System memory in use after: 57.1 MB.

Unloading 10 unused Assets to reduce memory usage. Loaded Objects now: 1557.
Total: 1.559100 ms (FindLiveObjects: 0.127800 ms CreateObjectMapping: 0.032700 ms MarkObjects: 1.329000 ms  DeleteObjects: 0.067900 ms)

========================================================================
Received Import Request.
  path: Assets
  artifactKey: Guid(00000000000000001000000000000000) Importer(815301076,1909f56bfc062723c751e8b465ee728b)
Start importing Assets using Guid(00000000000000001000000000000000) Importer(815301076,1909f56bfc062723c751e8b465ee728b)  -> (artifact id: 'e4856052512617ee48189cf1d7999900') in 0.003934 seconds
  Import took 0.006641 seconds .

========================================================================
Received Import Request.
  Time since last request: 2.063944 seconds.
  path: Assets/NewBehaviourScript.cs
  artifactKey: Guid(8190f0a4833959341b2eef926e4c4950) Importer(815301076,1909f56bfc062723c751e8b465ee728b)
Start importing Assets/NewBehaviourScript.cs using Guid(8190f0a4833959341b2eef926e4c4950) Importer(815301076,1909f56bfc062723c751e8b465ee728b)  -> (artifact id: 'e2cbe1c10db6e3a3f9387a81a89e1e52') in 0.020674 seconds
  Import took 0.045189 seconds .

========================================================================
Received Prepare
Registering precompiled user dll's ...
Registered in 0.000376 seconds.
Begin MonoManager ReloadAssembly
Native extension for WindowsStandalone target not found
Refreshing native plugins compatible for Editor in 0.17 ms, found 0 plugins.
Preloading 0 native plugins for Editor in 0.00 ms.
Mono: successfully reloaded assembly
- Completed reload, in  0.606 seconds
Platform modules already initialized, skipping
Refreshing native plugins compatible for Editor in 0.18 ms, found 0 plugins.
Preloading 0 native plugins for Editor in 0.00 ms.
Unloading 1111 Unused Serialized files (Serialized files now loaded: 0)
System memory in use before: 57.0 MB.
System memory in use after: 57.1 MB.

Unloading 5 unused Assets to reduce memory usage. Loaded Objects now: 1561.
Total: 1.252200 ms (FindLiveObjects: 0.111100 ms CreateObjectMapping: 0.027500 ms MarkObjects: 1.070700 ms  DeleteObjects: 0.041700 ms)

========================================================================
Received Prepare
Registering precompiled user dll's ...
Registered in 0.000367 seconds.
Begin MonoManager ReloadAssembly
Native extension for WindowsStandalone target not found
Refreshing native plugins compatible for Editor in 0.20 ms, found 0 plugins.
Preloading 0 native plugins for Editor in 0.00 ms.
Mono: successfully reloaded assembly
- Completed reload, in  0.609 seconds
Platform modules already initialized, skipping
Refreshing native plugins compatible for Editor in 0.18 ms, found 0 plugins.
Preloading 0 native plugins for Editor in 0.00 ms.
Unloading 1110 Unused Serialized files (Serialized files now loaded: 0)
System memory in use before: 57.0 MB.
System memory in use after: 57.1 MB.

Unloading 6 unused Assets to reduce memory usage. Loaded Objects now: 1563.
Total: 1.372100 ms (FindLiveObjects: 0.107800 ms CreateObjectMapping: 0.028900 ms MarkObjects: 1.183700 ms  DeleteObjects: 0.050400 ms)

========================================================================
Received Import Request.
  Time since last request: 30.550502 seconds.
  path: Assets/Prefabs
  artifactKey: Guid(e906e81bf6350734dbcfa7b79f14a987) Importer(815301076,1909f56bfc062723c751e8b465ee728b)
Start importing Assets/Prefabs using Guid(e906e81bf6350734dbcfa7b79f14a987) Importer(815301076,1909f56bfc062723c751e8b465ee728b)  -> (artifact id: '510567078ba25e247725b82e1e008ae9') in 0.004565 seconds
  Import took 0.006641 seconds .

========================================================================
Received Import Request.
  Time since last request: 4.220214 seconds.
  path: Assets/Scripts
  artifactKey: Guid(608795ff843da404991d344f1a1ecafa) Importer(815301076,1909f56bfc062723c751e8b465ee728b)
Start importing Assets/Scripts using Guid(608795ff843da404991d344f1a1ecafa) Importer(815301076,1909f56bfc062723c751e8b465ee728b)  -> (artifact id: 'ca463efce0ffc351eed29fea0e2e184f') in 0.002996 seconds
  Import took 0.005221 seconds .

========================================================================
Received Import Request.
  Time since last request: 0.004218 seconds.
  path: Assets/Scripts
  artifactKey: Guid(608795ff843da404991d344f1a1ecafa) Importer(815301076,1909f56bfc062723c751e8b465ee728b)
Start importing Assets/Scripts using Guid(608795ff843da404991d344f1a1ecafa) Importer(815301076,1909f56bfc062723c751e8b465ee728b)  -> (artifact id: 'ca463efce0ffc351eed29fea0e2e184f') in 0.003530 seconds
  Import took 0.005987 seconds .

========================================================================
Received Import Request.
  Time since last request: 289.672774 seconds.
  path: Assets/Scripts/ServerSend.cs
  artifactKey: Guid(a2dba1ba82b67ab48b6c170f9960246f) Importer(815301076,1909f56bfc062723c751e8b465ee728b)
Start importing Assets/Scripts/ServerSend.cs using Guid(a2dba1ba82b67ab48b6c170f9960246f) Importer(815301076,1909f56bfc062723c751e8b465ee728b)  -> (artifact id: '69df4b203b93c878496347af57eebd3b') in 0.001770 seconds
  Import took 0.003699 seconds .

========================================================================
Received Import Request.
  Time since last request: 0.001721 seconds.
  path: Assets/Scripts/ServerSend.cs
  artifactKey: Guid(a2dba1ba82b67ab48b6c170f9960246f) Importer(815301076,1909f56bfc062723c751e8b465ee728b)
Start importing Assets/Scripts/ServerSend.cs using Guid(a2dba1ba82b67ab48b6c170f9960246f) Importer(815301076,1909f56bfc062723c751e8b465ee728b)  -> (artifact id: '69df4b203b93c878496347af57eebd3b') in 0.002306 seconds
  Import took 0.003991 seconds .

========================================================================
Received Prepare
Registering precompiled user dll's ...
Registered in 0.000398 seconds.
Begin MonoManager ReloadAssembly
Native extension for WindowsStandalone target not found
Refreshing native plugins compatible for Editor in 0.18 ms, found 0 plugins.
Preloading 0 native plugins for Editor in 0.00 ms.
Mono: successfully reloaded assembly
- Completed reload, in  0.604 seconds
Platform modules already initialized, skipping
Refreshing native plugins compatible for Editor in 0.22 ms, found 0 plugins.
Preloading 0 native plugins for Editor in 0.00 ms.
Unloading 1111 Unused Serialized files (Serialized files now loaded: 0)
System memory in use before: 57.1 MB.
System memory in use after: 57.1 MB.

Unloading 5 unused Assets to reduce memory usage. Loaded Objects now: 1567.
Total: 1.589800 ms (FindLiveObjects: 0.154300 ms CreateObjectMapping: 0.043300 ms MarkObjects: 1.338900 ms  DeleteObjects: 0.051900 ms)

========================================================================
Received Import Request.
  Time since last request: 21.021161 seconds.
  path: Assets/Scripts/Client.cs
  artifactKey: Guid(3edd2231800f2924f90582d85e09bcae) Importer(815301076,1909f56bfc062723c751e8b465ee728b)
Start importing Assets/Scripts/Client.cs using Guid(3edd2231800f2924f90582d85e09bcae) Importer(815301076,1909f56bfc062723c751e8b465ee728b)  -> (artifact id: '2620dacf12cbf58d27ec7674b3e33c3e') in 0.003622 seconds
  Import took 0.005211 seconds .

========================================================================
Received Import Request.
  Time since last request: 0.007101 seconds.
  path: Assets/Scripts/Client.cs
  artifactKey: Guid(3edd2231800f2924f90582d85e09bcae) Importer(815301076,1909f56bfc062723c751e8b465ee728b)
Start importing Assets/Scripts/Client.cs using Guid(3edd2231800f2924f90582d85e09bcae) Importer(815301076,1909f56bfc062723c751e8b465ee728b)  -> (artifact id: '2620dacf12cbf58d27ec7674b3e33c3e') in 0.002007 seconds
  Import took 0.003610 seconds .

========================================================================
Received Prepare
Registering precompiled user dll's ...
Registered in 0.000517 seconds.
Begin MonoManager ReloadAssembly
Native extension for WindowsStandalone target not found
Refreshing native plugins compatible for Editor in 0.18 ms, found 0 plugins.
Preloading 0 native plugins for Editor in 0.00 ms.
Mono: successfully reloaded assembly
- Completed reload, in  0.600 seconds
Platform modules already initialized, skipping
Refreshing native plugins compatible for Editor in 0.18 ms, found 0 plugins.
Preloading 0 native plugins for Editor in 0.00 ms.
Unloading 1112 Unused Serialized files (Serialized files now loaded: 0)
System memory in use before: 57.1 MB.
System memory in use after: 57.2 MB.

Unloading 5 unused Assets to reduce memory usage. Loaded Objects now: 1571.
Total: 1.329400 ms (FindLiveObjects: 0.109100 ms CreateObjectMapping: 0.029800 ms MarkObjects: 1.149000 ms  DeleteObjects: 0.040400 ms)

========================================================================
Received Import Request.
  Time since last request: 10.503682 seconds.
  path: Assets/Scripts/Constants.cs
  artifactKey: Guid(ae0852862cabf78458a04f97a3f9f11c) Importer(815301076,1909f56bfc062723c751e8b465ee728b)
Start importing Assets/Scripts/Constants.cs using Guid(ae0852862cabf78458a04f97a3f9f11c) Importer(815301076,1909f56bfc062723c751e8b465ee728b)  -> (artifact id: '2c88a6cc39374682b2c4b45c646e1844') in 0.003908 seconds
  Import took 0.005576 seconds .

========================================================================
Received Prepare
Registering precompiled user dll's ...
Registered in 0.000374 seconds.
Begin MonoManager ReloadAssembly
Native extension for WindowsStandalone target not found
Refreshing native plugins compatible for Editor in 0.18 ms, found 0 plugins.
Preloading 0 native plugins for Editor in 0.00 ms.
Mono: successfully reloaded assembly
- Completed reload, in  0.594 seconds
Platform modules already initialized, skipping
Refreshing native plugins compatible for Editor in 0.18 ms, found 0 plugins.
Preloading 0 native plugins for Editor in 0.00 ms.
Unloading 1113 Unused Serialized files (Serialized files now loaded: 0)
System memory in use before: 57.1 MB.
System memory in use after: 57.2 MB.

Unloading 5 unused Assets to reduce memory usage. Loaded Objects now: 1575.
Total: 1.518400 ms (FindLiveObjects: 0.171500 ms CreateObjectMapping: 0.054100 ms MarkObjects: 1.243500 ms  DeleteObjects: 0.047300 ms)

========================================================================
Received Import Request.
  Time since last request: 7.614504 seconds.
  path: Assets/Scripts/NetworkManager.cs
  artifactKey: Guid(3709ecee097b5af4b8dab7840bd0275e) Importer(815301076,1909f56bfc062723c751e8b465ee728b)
Start importing Assets/Scripts/NetworkManager.cs using Guid(3709ecee097b5af4b8dab7840bd0275e) Importer(815301076,1909f56bfc062723c751e8b465ee728b)  -> (artifact id: 'f61b6810e07e86b70af7edc13b33b779') in 0.003565 seconds
  Import took 0.005211 seconds .

========================================================================
Received Import Request.
  Time since last request: 0.000593 seconds.
  path: Assets/Scripts/NetworkManager.cs
  artifactKey: Guid(3709ecee097b5af4b8dab7840bd0275e) Importer(815301076,1909f56bfc062723c751e8b465ee728b)
Start importing Assets/Scripts/NetworkManager.cs using Guid(3709ecee097b5af4b8dab7840bd0275e) Importer(815301076,1909f56bfc062723c751e8b465ee728b)  -> (artifact id: 'f61b6810e07e86b70af7edc13b33b779') in 0.002038 seconds
  Import took 0.003963 seconds .

========================================================================
Received Prepare
Registering precompiled user dll's ...
Registered in 0.000388 seconds.
Begin MonoManager ReloadAssembly
Native extension for WindowsStandalone target not found
Refreshing native plugins compatible for Editor in 0.18 ms, found 0 plugins.
Preloading 0 native plugins for Editor in 0.00 ms.
Mono: successfully reloaded assembly
- Completed reload, in  0.598 seconds
Platform modules already initialized, skipping
Refreshing native plugins compatible for Editor in 0.19 ms, found 0 plugins.
Preloading 0 native plugins for Editor in 0.00 ms.
Unloading 1114 Unused Serialized files (Serialized files now loaded: 0)
System memory in use before: 57.1 MB.
System memory in use after: 57.2 MB.

Unloading 5 unused Assets to reduce memory usage. Loaded Objects now: 1579.
Total: 1.542500 ms (FindLiveObjects: 0.130600 ms CreateObjectMapping: 0.032700 ms MarkObjects: 1.324100 ms  DeleteObjects: 0.053800 ms)

========================================================================
Received Import Request.
  Time since last request: 6.712810 seconds.
  path: Assets/Scripts/Packet.cs
  artifactKey: Guid(248bac65c52af8c40a577153e7385986) Importer(815301076,1909f56bfc062723c751e8b465ee728b)
Start importing Assets/Scripts/Packet.cs using Guid(248bac65c52af8c40a577153e7385986) Importer(815301076,1909f56bfc062723c751e8b465ee728b)  -> (artifact id: '4024b0f9232ce64dca31ae94f01c359e') in 0.004182 seconds
  Import took 0.005820 seconds .

========================================================================
Received Prepare
Registering precompiled user dll's ...
Registered in 0.000469 seconds.
Begin MonoManager ReloadAssembly
Native extension for WindowsStandalone target not found
Refreshing native plugins compatible for Editor in 0.23 ms, found 0 plugins.
Preloading 0 native plugins for Editor in 0.00 ms.
Mono: successfully reloaded assembly
- Completed reload, in  0.598 seconds
Platform modules already initialized, skipping
Refreshing native plugins compatible for Editor in 0.17 ms, found 0 plugins.
Preloading 0 native plugins for Editor in 0.00 ms.
Unloading 1115 Unused Serialized files (Serialized files now loaded: 0)
System memory in use before: 57.2 MB.
System memory in use after: 57.2 MB.

Unloading 5 unused Assets to reduce memory usage. Loaded Objects now: 1583.
Total: 1.243500 ms (FindLiveObjects: 0.118000 ms CreateObjectMapping: 0.030900 ms MarkObjects: 1.053200 ms  DeleteObjects: 0.040400 ms)

========================================================================
Received Import Request.
  Time since last request: 13.501065 seconds.
  path: Assets/Scripts/Player.cs
  artifactKey: Guid(2b2a7299532c709469de71b6f0b1ab59) Importer(815301076,1909f56bfc062723c751e8b465ee728b)
Start importing Assets/Scripts/Player.cs using Guid(2b2a7299532c709469de71b6f0b1ab59) Importer(815301076,1909f56bfc062723c751e8b465ee728b)  -> (artifact id: 'e3814bbe6eda3b841cbbc6bda83562f5') in 0.004036 seconds
  Import took 0.005908 seconds .

========================================================================
Received Import Request.
  Time since last request: 0.015464 seconds.
  path: Assets/Scripts/Player.cs
  artifactKey: Guid(2b2a7299532c709469de71b6f0b1ab59) Importer(815301076,1909f56bfc062723c751e8b465ee728b)
Start importing Assets/Scripts/Player.cs using Guid(2b2a7299532c709469de71b6f0b1ab59) Importer(815301076,1909f56bfc062723c751e8b465ee728b)  -> (artifact id: 'e3814bbe6eda3b841cbbc6bda83562f5') in 0.001864 seconds
  Import took 0.003378 seconds .

========================================================================
Received Prepare
Registering precompiled user dll's ...
Registered in 0.000466 seconds.
Begin MonoManager ReloadAssembly
Native extension for WindowsStandalone target not found
Refreshing native plugins compatible for Editor in 0.18 ms, found 0 plugins.
Preloading 0 native plugins for Editor in 0.00 ms.
Mono: successfully reloaded assembly
- Completed reload, in  0.600 seconds
Platform modules already initialized, skipping
Refreshing native plugins compatible for Editor in 0.18 ms, found 0 plugins.
Preloading 0 native plugins for Editor in 0.00 ms.
Unloading 1116 Unused Serialized files (Serialized files now loaded: 0)
System memory in use before: 57.2 MB.
System memory in use after: 57.3 MB.

Unloading 5 unused Assets to reduce memory usage. Loaded Objects now: 1587.
Total: 1.316100 ms (FindLiveObjects: 0.118200 ms CreateObjectMapping: 0.027800 ms MarkObjects: 1.122400 ms  DeleteObjects: 0.046200 ms)

========================================================================
Received Import Request.
  Time since last request: 11.622241 seconds.
  path: Assets/Scripts/Server.cs
  artifactKey: Guid(e9c3e89f2c34f9941b17b81d93bdfcbc) Importer(815301076,1909f56bfc062723c751e8b465ee728b)
Start importing Assets/Scripts/Server.cs using Guid(e9c3e89f2c34f9941b17b81d93bdfcbc) Importer(815301076,1909f56bfc062723c751e8b465ee728b)  -> (artifact id: 'd3d2e58d1538ea3628306a14fc947646') in 0.004762 seconds
  Import took 0.006565 seconds .

========================================================================
Received Import Request.
  Time since last request: 0.001110 seconds.
  path: Assets/Scripts/Server.cs
  artifactKey: Guid(e9c3e89f2c34f9941b17b81d93bdfcbc) Importer(815301076,1909f56bfc062723c751e8b465ee728b)
Start importing Assets/Scripts/Server.cs using Guid(e9c3e89f2c34f9941b17b81d93bdfcbc) Importer(815301076,1909f56bfc062723c751e8b465ee728b)  -> (artifact id: 'd3d2e58d1538ea3628306a14fc947646') in 0.002178 seconds
  Import took 0.004372 seconds .

========================================================================
Received Prepare
Registering precompiled user dll's ...
Registered in 0.000454 seconds.
Begin MonoManager ReloadAssembly
Native extension for WindowsStandalone target not found
Refreshing native plugins compatible for Editor in 0.19 ms, found 0 plugins.
Preloading 0 native plugins for Editor in 0.00 ms.
Mono: successfully reloaded assembly
- Completed reload, in  0.600 seconds
Platform modules already initialized, skipping
Refreshing native plugins compatible for Editor in 0.17 ms, found 0 plugins.
Preloading 0 native plugins for Editor in 0.00 ms.
Unloading 1117 Unused Serialized files (Serialized files now loaded: 0)
System memory in use before: 57.2 MB.
System memory in use after: 57.3 MB.

Unloading 5 unused Assets to reduce memory usage. Loaded Objects now: 1591.
Total: 1.377300 ms (FindLiveObjects: 0.128200 ms CreateObjectMapping: 0.034900 ms MarkObjects: 1.154600 ms  DeleteObjects: 0.058100 ms)

========================================================================
Received Import Request.
  Time since last request: 6.791497 seconds.
  path: Assets/Scripts/ServerHandle.cs
  artifactKey: Guid(1637e1c7f330d0146ba8966b3ee9fc83) Importer(815301076,1909f56bfc062723c751e8b465ee728b)
Start importing Assets/Scripts/ServerHandle.cs using Guid(1637e1c7f330d0146ba8966b3ee9fc83) Importer(815301076,1909f56bfc062723c751e8b465ee728b)  -> (artifact id: '7d4934ba883ae702ba17a10ce9e88f85') in 0.003528 seconds
  Import took 0.005278 seconds .

========================================================================
Received Import Request.
  Time since last request: 0.001224 seconds.
  path: Assets/Scripts/ServerHandle.cs
  artifactKey: Guid(1637e1c7f330d0146ba8966b3ee9fc83) Importer(815301076,1909f56bfc062723c751e8b465ee728b)
Start importing Assets/Scripts/ServerHandle.cs using Guid(1637e1c7f330d0146ba8966b3ee9fc83) Importer(815301076,1909f56bfc062723c751e8b465ee728b)  -> (artifact id: '7d4934ba883ae702ba17a10ce9e88f85') in 0.001955 seconds
  Import took 0.003688 seconds .

========================================================================
Received Prepare
Registering precompiled user dll's ...
Registered in 0.000416 seconds.
Begin MonoManager ReloadAssembly
Native extension for WindowsStandalone target not found
Refreshing native plugins compatible for Editor in 0.19 ms, found 0 plugins.
Preloading 0 native plugins for Editor in 0.00 ms.
Mono: successfully reloaded assembly
- Completed reload, in  0.602 seconds
Platform modules already initialized, skipping
Refreshing native plugins compatible for Editor in 0.32 ms, found 0 plugins.
Preloading 0 native plugins for Editor in 0.00 ms.
Unloading 1118 Unused Serialized files (Serialized files now loaded: 0)
System memory in use before: 57.2 MB.
System memory in use after: 57.3 MB.

Unloading 5 unused Assets to reduce memory usage. Loaded Objects now: 1595.
Total: 1.313800 ms (FindLiveObjects: 0.120100 ms CreateObjectMapping: 0.029400 ms MarkObjects: 1.119700 ms  DeleteObjects: 0.043900 ms)

========================================================================
Received Import Request.
  Time since last request: 5.847531 seconds.
  path: Assets/Scripts/ThreadManager.cs
  artifactKey: Guid(1fa578eea064356468a51af7345e9742) Importer(815301076,1909f56bfc062723c751e8b465ee728b)
Start importing Assets/Scripts/ThreadManager.cs using Guid(1fa578eea064356468a51af7345e9742) Importer(815301076,1909f56bfc062723c751e8b465ee728b)  -> (artifact id: '65f1b03503f1c85d10bee17a56456c58') in 0.003509 seconds
  Import took 0.005101 seconds .

========================================================================
Received Import Request.
  Time since last request: 0.000421 seconds.
  path: Assets/Scripts/ThreadManager.cs
  artifactKey: Guid(1fa578eea064356468a51af7345e9742) Importer(815301076,1909f56bfc062723c751e8b465ee728b)
Start importing Assets/Scripts/ThreadManager.cs using Guid(1fa578eea064356468a51af7345e9742) Importer(815301076,1909f56bfc062723c751e8b465ee728b)  -> (artifact id: '65f1b03503f1c85d10bee17a56456c58') in 0.002966 seconds
  Import took 0.004621 seconds .

========================================================================
Received Prepare
Registering precompiled user dll's ...
Registered in 0.000449 seconds.
Begin MonoManager ReloadAssembly
Native extension for WindowsStandalone target not found
Refreshing native plugins compatible for Editor in 0.19 ms, found 0 plugins.
Preloading 0 native plugins for Editor in 0.00 ms.
Mono: successfully reloaded assembly
- Completed reload, in  0.601 seconds
Platform modules already initialized, skipping
Refreshing native plugins compatible for Editor in 0.26 ms, found 0 plugins.
Preloading 0 native plugins for Editor in 0.00 ms.
Unloading 1119 Unused Serialized files (Serialized files now loaded: 0)
System memory in use before: 57.3 MB.
System memory in use after: 57.3 MB.

Unloading 5 unused Assets to reduce memory usage. Loaded Objects now: 1599.
Total: 1.300100 ms (FindLiveObjects: 0.126900 ms CreateObjectMapping: 0.031100 ms MarkObjects: 1.100300 ms  DeleteObjects: 0.040300 ms)

========================================================================
Received Import Request.
  Time since last request: 751.551351 seconds.
  path: Assets/Scripts/Server.cs
  artifactKey: Guid(e9c3e89f2c34f9941b17b81d93bdfcbc) Importer(815301076,1909f56bfc062723c751e8b465ee728b)
Start importing Assets/Scripts/Server.cs using Guid(e9c3e89f2c34f9941b17b81d93bdfcbc) Importer(815301076,1909f56bfc062723c751e8b465ee728b)  -> (artifact id: 'c483582aef923adf977557628231b611') in 0.005825 seconds
  Import took 0.007905 seconds .

========================================================================
Received Import Request.
  Time since last request: 61.472929 seconds.
  path: Assets/Scenes
  artifactKey: Guid(5f5260c6b4ea34b4f8dd92f95b4a375c) Importer(815301076,1909f56bfc062723c751e8b465ee728b)
Start importing Assets/Scenes using Guid(5f5260c6b4ea34b4f8dd92f95b4a375c) Importer(815301076,1909f56bfc062723c751e8b465ee728b)  -> (artifact id: '5c63f2592adf7b03db82f0cb0f761c9d') in 0.002453 seconds
  Import took 0.004091 seconds .

========================================================================
Received Import Request.
  Time since last request: 0.000482 seconds.
  path: Assets/Scenes
  artifactKey: Guid(5f5260c6b4ea34b4f8dd92f95b4a375c) Importer(815301076,1909f56bfc062723c751e8b465ee728b)
Start importing Assets/Scenes using Guid(5f5260c6b4ea34b4f8dd92f95b4a375c) Importer(815301076,1909f56bfc062723c751e8b465ee728b)  -> (artifact id: '5c63f2592adf7b03db82f0cb0f761c9d') in 0.001690 seconds
  Import took 0.003314 seconds .

========================================================================
Received Prepare
Registering precompiled user dll's ...
Registered in 0.000394 seconds.
Begin MonoManager ReloadAssembly
Native extension for WindowsStandalone target not found
Refreshing native plugins compatible for Editor in 0.18 ms, found 0 plugins.
Preloading 0 native plugins for Editor in 0.00 ms.
Mono: successfully reloaded assembly
- Completed reload, in  0.695 seconds
Platform modules already initialized, skipping
Refreshing native plugins compatible for Editor in 0.18 ms, found 0 plugins.
Preloading 0 native plugins for Editor in 0.00 ms.
Unloading 1119 Unused Serialized files (Serialized files now loaded: 0)
System memory in use before: 57.3 MB.
System memory in use after: 57.4 MB.

Unloading 5 unused Assets to reduce memory usage. Loaded Objects now: 1602.
Total: 1.367900 ms (FindLiveObjects: 0.117900 ms CreateObjectMapping: 0.028600 ms MarkObjects: 1.173100 ms  DeleteObjects: 0.046600 ms)

========================================================================
Received Import Request.
  Time since last request: 805.568498 seconds.
  path: Assets/Scenes/SampleScene.unity
  artifactKey: Guid(9fc0d4010bbf28b4594072e72b8655ab) Importer(815301076,1909f56bfc062723c751e8b465ee728b)
Start importing Assets/Scenes/SampleScene.unity using Guid(9fc0d4010bbf28b4594072e72b8655ab) Importer(815301076,1909f56bfc062723c751e8b465ee728b)  -> (artifact id: '588fd042f90372823a720bd1d4ae6d83') in 0.047996 seconds
  Import took 0.049620 seconds .

========================================================================
Received Import Request.
  Time since last request: 5.841886 seconds.
  path: Assets/Scenes/GameServer.unity
  artifactKey: Guid(9fc0d4010bbf28b4594072e72b8655ab) Importer(815301076,1909f56bfc062723c751e8b465ee728b)
Start importing Assets/Scenes/GameServer.unity using Guid(9fc0d4010bbf28b4594072e72b8655ab) Importer(815301076,1909f56bfc062723c751e8b465ee728b)  -> (artifact id: '4281169478501634bd95b9e9e3d4f367') in 0.002254 seconds
  Import took 0.003788 seconds .

========================================================================
Received Import Request.
  Time since last request: 24.835798 seconds.
  path: Assets/Prefabs/Player.prefab
  artifactKey: Guid(313336a64891be746be3a8f9c9654dfc) Importer(815301076,1909f56bfc062723c751e8b465ee728b)
Start importing Assets/Prefabs/Player.prefab using Guid(313336a64891be746be3a8f9c9654dfc) Importer(815301076,1909f56bfc062723c751e8b465ee728b)  -> (artifact id: '4fdca666468c4356a3269bfec4286da3') in 0.018802 seconds
  Import took 0.020549 seconds .

========================================================================
Received Import Request.
  Time since last request: 0.003351 seconds.
  path: Assets/Prefabs/Player.prefab
  artifactKey: Guid(313336a64891be746be3a8f9c9654dfc) Importer(815301076,1909f56bfc062723c751e8b465ee728b)
Start importing Assets/Prefabs/Player.prefab using Guid(313336a64891be746be3a8f9c9654dfc) Importer(815301076,1909f56bfc062723c751e8b465ee728b)  -> (artifact id: '4fdca666468c4356a3269bfec4286da3') in 0.003363 seconds
  Import took 0.005331 seconds .

========================================================================
Received Import Request.
  Time since last request: 144.135812 seconds.
  path: Assets/Prefabs/Player.prefab
  artifactKey: Guid(313336a64891be746be3a8f9c9654dfc) Importer(815301076,1909f56bfc062723c751e8b465ee728b)
Start importing Assets/Prefabs/Player.prefab using Guid(313336a64891be746be3a8f9c9654dfc) Importer(815301076,1909f56bfc062723c751e8b465ee728b)  -> (artifact id: '36436b716e9b199dfe03a7ac7e9f1d89') in 0.004670 seconds
  Import took 0.006899 seconds .

========================================================================
Received Prepare
Registering precompiled user dll's ...
Registered in 0.000424 seconds.
Begin MonoManager ReloadAssembly
Native extension for WindowsStandalone target not found
Refreshing native plugins compatible for Editor in 0.26 ms, found 0 plugins.
Preloading 0 native plugins for Editor in 0.00 ms.
Mono: successfully reloaded assembly
- Completed reload, in  0.604 seconds
Platform modules already initialized, skipping
Refreshing native plugins compatible for Editor in 0.25 ms, found 0 plugins.
Preloading 0 native plugins for Editor in 0.00 ms.
Unloading 1119 Unused Serialized files (Serialized files now loaded: 0)
System memory in use before: 57.3 MB.
System memory in use after: 57.4 MB.

Unloading 5 unused Assets to reduce memory usage. Loaded Objects now: 1605.
Total: 1.660200 ms (FindLiveObjects: 0.118300 ms CreateObjectMapping: 0.029500 ms MarkObjects: 1.463200 ms  DeleteObjects: 0.047800 ms)

========================================================================
Received Prepare
Refreshing native plugins compatible for Editor in 0.51 ms, found 0 plugins.
Preloading 0 native plugins for Editor in 0.00 ms.
Unloading 3 Unused Serialized files (Serialized files now loaded: 0)
System memory in use before: 35.2 MB.
System memory in use after: 35.3 MB.

Unloading 3 unused Assets to reduce memory usage. Loaded Objects now: 1605.
Total: 1.635200 ms (FindLiveObjects: 0.137900 ms CreateObjectMapping: 0.037600 ms MarkObjects: 1.407500 ms  DeleteObjects: 0.050000 ms)

========================================================================
Received Prepare
Registering precompiled user dll's ...
Registered in 0.000374 seconds.
Begin MonoManager ReloadAssembly
Native extension for WindowsStandalone target not found
Refreshing native plugins compatible for Editor in 0.18 ms, found 0 plugins.
Preloading 0 native plugins for Editor in 0.00 ms.
Mono: successfully reloaded assembly
- Completed reload, in  0.599 seconds
Platform modules already initialized, skipping
Refreshing native plugins compatible for Editor in 0.18 ms, found 0 plugins.
Preloading 0 native plugins for Editor in 0.00 ms.
Unloading 1119 Unused Serialized files (Serialized files now loaded: 0)
System memory in use before: 57.3 MB.
System memory in use after: 57.4 MB.

Unloading 5 unused Assets to reduce memory usage. Loaded Objects now: 1608.
Total: 1.610700 ms (FindLiveObjects: 0.143600 ms CreateObjectMapping: 0.038400 ms MarkObjects: 1.375200 ms  DeleteObjects: 0.051900 ms)

========================================================================
Received Prepare
Refreshing native plugins compatible for Editor in 0.48 ms, found 0 plugins.
Preloading 0 native plugins for Editor in 0.00 ms.
Unloading 3 Unused Serialized files (Serialized files now loaded: 0)
System memory in use before: 35.2 MB.
System memory in use after: 35.3 MB.

Unloading 3 unused Assets to reduce memory usage. Loaded Objects now: 1608.
Total: 1.447400 ms (FindLiveObjects: 0.170100 ms CreateObjectMapping: 0.037900 ms MarkObjects: 1.195800 ms  DeleteObjects: 0.042700 ms)

========================================================================
Received Prepare
Registering precompiled user dll's ...
Registered in 0.000411 seconds.
Begin MonoManager ReloadAssembly
Native extension for WindowsStandalone target not found
Refreshing native plugins compatible for Editor in 0.19 ms, found 0 plugins.
Preloading 0 native plugins for Editor in 0.00 ms.
Mono: successfully reloaded assembly
- Completed reload, in  0.616 seconds
Platform modules already initialized, skipping
Refreshing native plugins compatible for Editor in 0.17 ms, found 0 plugins.
Preloading 0 native plugins for Editor in 0.00 ms.
Unloading 1119 Unused Serialized files (Serialized files now loaded: 0)
System memory in use before: 57.3 MB.
System memory in use after: 57.4 MB.

Unloading 5 unused Assets to reduce memory usage. Loaded Objects now: 1611.
Total: 1.326200 ms (FindLiveObjects: 0.128500 ms CreateObjectMapping: 0.032000 ms MarkObjects: 1.115700 ms  DeleteObjects: 0.048000 ms)

========================================================================
Received Prepare
Refreshing native plugins compatible for Editor in 0.54 ms, found 0 plugins.
Preloading 0 native plugins for Editor in 0.00 ms.
Unloading 3 Unused Serialized files (Serialized files now loaded: 0)
System memory in use before: 35.2 MB.
System memory in use after: 35.3 MB.

Unloading 3 unused Assets to reduce memory usage. Loaded Objects now: 1611.
Total: 1.295900 ms (FindLiveObjects: 0.113700 ms CreateObjectMapping: 0.033400 ms MarkObjects: 1.102400 ms  DeleteObjects: 0.045200 ms)

========================================================================
Received Prepare
Registering precompiled user dll's ...
Registered in 0.000431 seconds.
Begin MonoManager ReloadAssembly
Native extension for WindowsStandalone target not found
Refreshing native plugins compatible for Editor in 0.18 ms, found 0 plugins.
Preloading 0 native plugins for Editor in 0.00 ms.
Mono: successfully reloaded assembly
- Completed reload, in  0.616 seconds
Platform modules already initialized, skipping
Refreshing native plugins compatible for Editor in 0.19 ms, found 0 plugins.
Preloading 0 native plugins for Editor in 0.00 ms.
Unloading 1119 Unused Serialized files (Serialized files now loaded: 0)
System memory in use before: 57.3 MB.
System memory in use after: 57.4 MB.

Unloading 5 unused Assets to reduce memory usage. Loaded Objects now: 1614.
Total: 1.560700 ms (FindLiveObjects: 0.150600 ms CreateObjectMapping: 0.039600 ms MarkObjects: 1.317700 ms  DeleteObjects: 0.051300 ms)

========================================================================
Received Prepare
Registering precompiled user dll's ...
Registered in 0.000385 seconds.
Begin MonoManager ReloadAssembly
Native extension for WindowsStandalone target not found
Refreshing native plugins compatible for Editor in 0.25 ms, found 0 plugins.
Preloading 0 native plugins for Editor in 0.00 ms.
Mono: successfully reloaded assembly
- Completed reload, in  0.626 seconds
Platform modules already initialized, skipping
Refreshing native plugins compatible for Editor in 0.18 ms, found 0 plugins.
Preloading 0 native plugins for Editor in 0.00 ms.
Unloading 1119 Unused Serialized files (Serialized files now loaded: 0)
System memory in use before: 57.4 MB.
System memory in use after: 57.4 MB.

Unloading 5 unused Assets to reduce memory usage. Loaded Objects now: 1617.
Total: 2.221700 ms (FindLiveObjects: 0.125100 ms CreateObjectMapping: 0.030500 ms MarkObjects: 2.015300 ms  DeleteObjects: 0.049600 ms)

========================================================================
Received Prepare
Registering precompiled user dll's ...
Registered in 0.000436 seconds.
Begin MonoManager ReloadAssembly
Native extension for WindowsStandalone target not found
Refreshing native plugins compatible for Editor in 0.27 ms, found 0 plugins.
Preloading 0 native plugins for Editor in 0.00 ms.
Mono: successfully reloaded assembly
- Completed reload, in  0.791 seconds
Platform modules already initialized, skipping
Refreshing native plugins compatible for Editor in 0.21 ms, found 0 plugins.
Preloading 0 native plugins for Editor in 0.00 ms.
Unloading 1119 Unused Serialized files (Serialized files now loaded: 0)
System memory in use before: 57.4 MB.
System memory in use after: 57.4 MB.

Unloading 5 unused Assets to reduce memory usage. Loaded Objects now: 1620.
Total: 2.090600 ms (FindLiveObjects: 0.299000 ms CreateObjectMapping: 0.057800 ms MarkObjects: 1.532600 ms  DeleteObjects: 0.197200 ms)

========================================================================
Received Prepare
Registering precompiled user dll's ...
Registered in 0.000754 seconds.
Begin MonoManager ReloadAssembly
Native extension for WindowsStandalone target not found
Refreshing native plugins compatible for Editor in 0.19 ms, found 0 plugins.
Preloading 0 native plugins for Editor in 0.00 ms.
Mono: successfully reloaded assembly
- Completed reload, in  0.771 seconds
Platform modules already initialized, skipping
Refreshing native plugins compatible for Editor in 0.20 ms, found 0 plugins.
Preloading 0 native plugins for Editor in 0.00 ms.
Unloading 1119 Unused Serialized files (Serialized files now loaded: 0)
System memory in use before: 57.4 MB.
System memory in use after: 57.4 MB.

Unloading 5 unused Assets to reduce memory usage. Loaded Objects now: 1623.
Total: 2.457600 ms (FindLiveObjects: 0.178300 ms CreateObjectMapping: 0.051100 ms MarkObjects: 2.086200 ms  DeleteObjects: 0.139600 ms)

========================================================================
Received Prepare
Registering precompiled user dll's ...
Registered in 0.000437 seconds.
Begin MonoManager ReloadAssembly
Native extension for WindowsStandalone target not found
Refreshing native plugins compatible for Editor in 0.28 ms, found 0 plugins.
Preloading 0 native plugins for Editor in 0.00 ms.
Mono: successfully reloaded assembly
- Completed reload, in  0.816 seconds
Platform modules already initialized, skipping
Refreshing native plugins compatible for Editor in 0.23 ms, found 0 plugins.
Preloading 0 native plugins for Editor in 0.00 ms.
Unloading 1119 Unused Serialized files (Serialized files now loaded: 0)
System memory in use before: 57.4 MB.
System memory in use after: 57.4 MB.

Unloading 5 unused Assets to reduce memory usage. Loaded Objects now: 1626.
Total: 2.357300 ms (FindLiveObjects: 0.341900 ms CreateObjectMapping: 0.241400 ms MarkObjects: 1.672700 ms  DeleteObjects: 0.097600 ms)

========================================================================
Received Prepare
Registering precompiled user dll's ...
Registered in 0.000436 seconds.
Begin MonoManager ReloadAssembly
Native extension for WindowsStandalone target not found
Refreshing native plugins compatible for Editor in 0.19 ms, found 0 plugins.
Preloading 0 native plugins for Editor in 0.00 ms.
Mono: successfully reloaded assembly
- Completed reload, in  0.614 seconds
Platform modules already initialized, skipping
Refreshing native plugins compatible for Editor in 0.18 ms, found 0 plugins.
Preloading 0 native plugins for Editor in 0.00 ms.
Unloading 1119 Unused Serialized files (Serialized files now loaded: 0)
System memory in use before: 57.4 MB.
System memory in use after: 57.4 MB.

Unloading 5 unused Assets to reduce memory usage. Loaded Objects now: 1629.
Total: 1.269600 ms (FindLiveObjects: 0.113500 ms CreateObjectMapping: 0.027700 ms MarkObjects: 1.081400 ms  DeleteObjects: 0.046100 ms)

========================================================================
Received Prepare
Registering precompiled user dll's ...
Registered in 0.000463 seconds.
Begin MonoManager ReloadAssembly
Native extension for WindowsStandalone target not found
Refreshing native plugins compatible for Editor in 0.21 ms, found 0 plugins.
Preloading 0 native plugins for Editor in 0.00 ms.
Mono: successfully reloaded assembly
- Completed reload, in  0.618 seconds
Platform modules already initialized, skipping
Refreshing native plugins compatible for Editor in 0.24 ms, found 0 plugins.
Preloading 0 native plugins for Editor in 0.00 ms.
Unloading 1119 Unused Serialized files (Serialized files now loaded: 0)
System memory in use before: 57.4 MB.
System memory in use after: 57.5 MB.

Unloading 5 unused Assets to reduce memory usage. Loaded Objects now: 1632.
Total: 1.663300 ms (FindLiveObjects: 0.136300 ms CreateObjectMapping: 0.034600 ms MarkObjects: 1.444800 ms  DeleteObjects: 0.046600 ms)

========================================================================
Received Import Request.
  Time since last request: 2629.130126 seconds.
  path: Assets/Prefabs/Player.prefab
  artifactKey: Guid(313336a64891be746be3a8f9c9654dfc) Importer(815301076,1909f56bfc062723c751e8b465ee728b)
Start importing Assets/Prefabs/Player.prefab using Guid(313336a64891be746be3a8f9c9654dfc) Importer(815301076,1909f56bfc062723c751e8b465ee728b)  -> (artifact id: 'ee315f4c36e512c4300ae82aed04f9b8') in 0.094320 seconds
  Import took 0.096211 seconds .

========================================================================
Received Prepare
Registering precompiled user dll's ...
Registered in 0.000893 seconds.
Begin MonoManager ReloadAssembly
Native extension for WindowsStandalone target not found
Refreshing native plugins compatible for Editor in 0.22 ms, found 0 plugins.
Preloading 0 native plugins for Editor in 0.00 ms.
Mono: successfully reloaded assembly
- Completed reload, in  0.706 seconds
Platform modules already initialized, skipping
Refreshing native plugins compatible for Editor in 0.21 ms, found 0 plugins.
Preloading 0 native plugins for Editor in 0.00 ms.
Unloading 1119 Unused Serialized files (Serialized files now loaded: 0)
System memory in use before: 60.6 MB.
System memory in use after: 60.6 MB.

Unloading 6 unused Assets to reduce memory usage. Loaded Objects now: 1643.
Total: 1.707800 ms (FindLiveObjects: 0.151100 ms CreateObjectMapping: 0.038500 ms MarkObjects: 1.444600 ms  DeleteObjects: 0.071500 ms)

========================================================================
Received Prepare
Registering precompiled user dll's ...
Registered in 0.000412 seconds.
Begin MonoManager ReloadAssembly
Native extension for WindowsStandalone target not found
Refreshing native plugins compatible for Editor in 0.22 ms, found 0 plugins.
Preloading 0 native plugins for Editor in 0.00 ms.
Mono: successfully reloaded assembly
- Completed reload, in  0.618 seconds
Platform modules already initialized, skipping
Refreshing native plugins compatible for Editor in 0.18 ms, found 0 plugins.
Preloading 0 native plugins for Editor in 0.00 ms.
Unloading 1119 Unused Serialized files (Serialized files now loaded: 0)
System memory in use before: 60.6 MB.
System memory in use after: 60.6 MB.

Unloading 5 unused Assets to reduce memory usage. Loaded Objects now: 1646.
Total: 1.382100 ms (FindLiveObjects: 0.131100 ms CreateObjectMapping: 0.033100 ms MarkObjects: 1.171800 ms  DeleteObjects: 0.044500 ms)

========================================================================
Received Prepare
Registering precompiled user dll's ...
Registered in 0.000423 seconds.
Begin MonoManager ReloadAssembly
Native extension for WindowsStandalone target not found
Refreshing native plugins compatible for Editor in 0.25 ms, found 0 plugins.
Preloading 0 native plugins for Editor in 0.00 ms.
Mono: successfully reloaded assembly
- Completed reload, in  0.618 seconds
Platform modules already initialized, skipping
Refreshing native plugins compatible for Editor in 0.17 ms, found 0 plugins.
Preloading 0 native plugins for Editor in 0.00 ms.
Unloading 1119 Unused Serialized files (Serialized files now loaded: 0)
System memory in use before: 60.6 MB.
System memory in use after: 60.6 MB.

Unloading 5 unused Assets to reduce memory usage. Loaded Objects now: 1649.
Total: 1.459500 ms (FindLiveObjects: 0.121300 ms CreateObjectMapping: 0.028200 ms MarkObjects: 1.268400 ms  DeleteObjects: 0.040800 ms)

========================================================================
Received Prepare
Registering precompiled user dll's ...
Registered in 0.000419 seconds.
Begin MonoManager ReloadAssembly
Native extension for WindowsStandalone target not found
Refreshing native plugins compatible for Editor in 0.18 ms, found 0 plugins.
Preloading 0 native plugins for Editor in 0.00 ms.
Mono: successfully reloaded assembly
- Completed reload, in  0.618 seconds
Platform modules already initialized, skipping
Refreshing native plugins compatible for Editor in 0.18 ms, found 0 plugins.
Preloading 0 native plugins for Editor in 0.00 ms.
Unloading 1119 Unused Serialized files (Serialized files now loaded: 0)
System memory in use before: 60.6 MB.
System memory in use after: 60.6 MB.

Unloading 5 unused Assets to reduce memory usage. Loaded Objects now: 1652.
Total: 1.487600 ms (FindLiveObjects: 0.163200 ms CreateObjectMapping: 0.041000 ms MarkObjects: 1.238200 ms  DeleteObjects: 0.043500 ms)

AssetImportWorkerClient::OnTransportError - code=2 error=End of file
